Added Component: Designator=C?(CAPC0402(1005)60_L)
Add component. Clean all parameters for all variants
Added Component: Designator=C?(CAPC0402(1005)60_L)
Add component. Clean all parameters for all variants
Added Component: Designator=C?(CAPC0402(1005)60_L)
Add component. Clean all parameters for all variants
Added Component: Designator=C?(CAPAE184170X170L)
Add component. Clean all parameters for all variants
Added Component: Designator=C?(CAPC1206(3216))
Add component. Clean all parameters for all variants
Added Component: Designator=C?(CAPC1206(3216))
Add component. Clean all parameters for all variants
Added Component: Designator=C?(CAPC1206(3216))
Add component. Clean all parameters for all variants
Added Component: Designator=C?(CAPC3225X27L)
Add component. Clean all parameters for all variants
Added Component: Designator=C?(CAPAE(D8)7666X80L)
Add component. Clean all parameters for all variants
Added Component: Designator=C?(CAPAE(D8)7666X80L)
Add component. Clean all parameters for all variants
Added Component: Designator=C?(CAPC0402(1005)60_L)
Add component. Clean all parameters for all variants
Added Component: Designator=C?(CAPC1206(3216))
Add component. Clean all parameters for all variants
Added Component: Designator=C?(CAPC1206(3216))
Add component. Clean all parameters for all variants
Added Component: Designator=C?(CAPC1206(3216))
Add component. Clean all parameters for all variants
Added Component: Designator=C?(CAPC1206(3216))
Add component. Clean all parameters for all variants
Added Component: Designator=C?(CAPC3225X27L)
Add component. Clean all parameters for all variants
Added Component: Designator=C?(CAPC0402(1005)60_L)
Add component. Clean all parameters for all variants
Added Component: Designator=CN?(2PHEADERS-2D54)
Add component. Clean all parameters for all variants
Add component (AddParameter): Name = "Datasheet URL"; Value = "http://www.jst-mfg.com/product/pdf/eng/eGH.pdf"; VariantName = "[No Variations]"
Add component (AddParameter): Name = "Manufacturer"; Value = "JST"; VariantName = "[No Variations]"
Add component (AddParameter): Name = "Package Reference"; Value = "JST-BM04B-GHS-TBT"; VariantName = "[No Variations]"
Added Component: Designator=CN?(2PHEADERS-2D54)
Add component. Clean all parameters for all variants
Add component (AddParameter): Name = "Datasheet URL"; Value = "http://www.jst-mfg.com/product/pdf/eng/eGH.pdf"; VariantName = "[No Variations]"
Add component (AddParameter): Name = "Manufacturer"; Value = "JST"; VariantName = "[No Variations]"
Add component (AddParameter): Name = "Package Reference"; Value = "JST-BM04B-GHS-TBT"; VariantName = "[No Variations]"
Added Component: Designator=CN?(2PHEADERS-2D54)
Add component. Clean all parameters for all variants
Add component (AddParameter): Name = "Datasheet URL"; Value = "http://www.jst-mfg.com/product/pdf/eng/eGH.pdf"; VariantName = "[No Variations]"
Add component (AddParameter): Name = "Manufacturer"; Value = "JST"; VariantName = "[No Variations]"
Add component (AddParameter): Name = "Package Reference"; Value = "JST-BM04B-GHS-TBT"; VariantName = "[No Variations]"
Added Component: Designator=CN?(2PHEADERS-2D54)
Add component. Clean all parameters for all variants
Add component (AddParameter): Name = "Datasheet URL"; Value = "http://www.jst-mfg.com/product/pdf/eng/eGH.pdf"; VariantName = "[No Variations]"
Add component (AddParameter): Name = "Manufacturer"; Value = "JST"; VariantName = "[No Variations]"
Add component (AddParameter): Name = "Package Reference"; Value = "JST-BM04B-GHS-TBT"; VariantName = "[No Variations]"
Added Component: Designator=D?(SMC)
Add component. Clean all parameters for all variants
Add component (AddParameter): Name = "Datasheet URL"; Value = "https://www.rohm.com/datasheet/1SS400CSFH/1ss400csfht2ra-e"; VariantName = "[No Variations]"
Add component (AddParameter): Name = "Manufacturer"; Value = "Rohm"; VariantName = "[No Variations]"
Add component (AddParameter): Name = "Package Reference"; Value = "ROHM-1SS400CSFH"; VariantName = "[No Variations]"
Added Component: Designator=L?(INDP120120X80L)
Add component. Clean all parameters for all variants
Added Component: Designator=L?(INDP120120X80L)
Add component. Clean all parameters for all variants
Added Component: Designator=L?(INDP120120X80L)
Add component. Clean all parameters for all variants
Added Component: Designator=PTH?(POWERHOLE)
Add component. Clean all parameters for all variants
Add component (AddParameter): Name = "Hole diameter (mm)"; Value = "2.5"; VariantName = "[No Variations]"
Add component (AddParameter): Name = "Pad diameter (mm)"; Value = "5"; VariantName = "[No Variations]"
Added Component: Designator=PTH?(POWERHOLE)
Add component. Clean all parameters for all variants
Add component (AddParameter): Name = "Hole diameter (mm)"; Value = "2.5"; VariantName = "[No Variations]"
Add component (AddParameter): Name = "Pad diameter (mm)"; Value = "5"; VariantName = "[No Variations]"
Added Component: Designator=PTH?(POWERHOLE-LP)
Add component. Clean all parameters for all variants
Add component (AddParameter): Name = "Hole diameter (mm)"; Value = "2.5"; VariantName = "[No Variations]"
Add component (AddParameter): Name = "Pad diameter (mm)"; Value = "5"; VariantName = "[No Variations]"
Added Component: Designator=PTH?(POWERHOLE-LP)
Add component. Clean all parameters for all variants
Add component (AddParameter): Name = "Hole diameter (mm)"; Value = "2.5"; VariantName = "[No Variations]"
Add component (AddParameter): Name = "Pad diameter (mm)"; Value = "5"; VariantName = "[No Variations]"
Added Component: Designator=PTH?(POWERHOLE)
Add component. Clean all parameters for all variants
Add component (AddParameter): Name = "Hole diameter (mm)"; Value = "2.5"; VariantName = "[No Variations]"
Add component (AddParameter): Name = "Pad diameter (mm)"; Value = "5"; VariantName = "[No Variations]"
Added Component: Designator=PTH?(POWERHOLE)
Add component. Clean all parameters for all variants
Add component (AddParameter): Name = "Hole diameter (mm)"; Value = "2.5"; VariantName = "[No Variations]"
Add component (AddParameter): Name = "Pad diameter (mm)"; Value = "5"; VariantName = "[No Variations]"
Added Component: Designator=PTH?(POWERHOLE)
Add component. Clean all parameters for all variants
Add component (AddParameter): Name = "Hole diameter (mm)"; Value = "2.5"; VariantName = "[No Variations]"
Add component (AddParameter): Name = "Pad diameter (mm)"; Value = "5"; VariantName = "[No Variations]"
Added Component: Designator=PTH?(POWERHOLE)
Add component. Clean all parameters for all variants
Add component (AddParameter): Name = "Hole diameter (mm)"; Value = "2.5"; VariantName = "[No Variations]"
Add component (AddParameter): Name = "Pad diameter (mm)"; Value = "5"; VariantName = "[No Variations]"
Added Component: Designator=PTH?(POWERHOLE)
Add component. Clean all parameters for all variants
Add component (AddParameter): Name = "Hole diameter (mm)"; Value = "2.5"; VariantName = "[No Variations]"
Add component (AddParameter): Name = "Pad diameter (mm)"; Value = "5"; VariantName = "[No Variations]"
Added Component: Designator=PTH?(POWERHOLE)
Add component. Clean all parameters for all variants
Add component (AddParameter): Name = "Hole diameter (mm)"; Value = "2.5"; VariantName = "[No Variations]"
Add component (AddParameter): Name = "Pad diameter (mm)"; Value = "5"; VariantName = "[No Variations]"
Added Component: Designator=PTH?(POWERHOLE)
Add component. Clean all parameters for all variants
Add component (AddParameter): Name = "Hole diameter (mm)"; Value = "2.5"; VariantName = "[No Variations]"
Add component (AddParameter): Name = "Pad diameter (mm)"; Value = "5"; VariantName = "[No Variations]"
Added Component: Designator=PTH?(POWERHOLE)
Add component. Clean all parameters for all variants
Add component (AddParameter): Name = "Hole diameter (mm)"; Value = "2.5"; VariantName = "[No Variations]"
Add component (AddParameter): Name = "Pad diameter (mm)"; Value = "5"; VariantName = "[No Variations]"
Added Component: Designator=PTH?(POWERHOLE)
Add component. Clean all parameters for all variants
Add component (AddParameter): Name = "Hole diameter (mm)"; Value = "2.5"; VariantName = "[No Variations]"
Add component (AddParameter): Name = "Pad diameter (mm)"; Value = "5"; VariantName = "[No Variations]"
Added Component: Designator=PTH?(POWERHOLE)
Add component. Clean all parameters for all variants
Add component (AddParameter): Name = "Hole diameter (mm)"; Value = "2.5"; VariantName = "[No Variations]"
Add component (AddParameter): Name = "Pad diameter (mm)"; Value = "5"; VariantName = "[No Variations]"
Added Component: Designator=PTH?(POWERHOLE)
Add component. Clean all parameters for all variants
Add component (AddParameter): Name = "Hole diameter (mm)"; Value = "2.5"; VariantName = "[No Variations]"
Add component (AddParameter): Name = "Pad diameter (mm)"; Value = "5"; VariantName = "[No Variations]"
Added Component: Designator=PTH?(POWERHOLE-LP)
Add component. Clean all parameters for all variants
Add component (AddParameter): Name = "Hole diameter (mm)"; Value = "2.5"; VariantName = "[No Variations]"
Add component (AddParameter): Name = "Pad diameter (mm)"; Value = "5"; VariantName = "[No Variations]"
Added Component: Designator=PTH?(POWERHOLE-LP)
Add component. Clean all parameters for all variants
Add component (AddParameter): Name = "Hole diameter (mm)"; Value = "2.5"; VariantName = "[No Variations]"
Add component (AddParameter): Name = "Pad diameter (mm)"; Value = "5"; VariantName = "[No Variations]"
Added Component: Designator=PTH?(POWERHOLE-LP)
Add component. Clean all parameters for all variants
Add component (AddParameter): Name = "Hole diameter (mm)"; Value = "2.5"; VariantName = "[No Variations]"
Add component (AddParameter): Name = "Pad diameter (mm)"; Value = "5"; VariantName = "[No Variations]"
Added Component: Designator=PTH?(POWERHOLE-LP)
Add component. Clean all parameters for all variants
Add component (AddParameter): Name = "Hole diameter (mm)"; Value = "2.5"; VariantName = "[No Variations]"
Add component (AddParameter): Name = "Pad diameter (mm)"; Value = "5"; VariantName = "[No Variations]"
Added Component: Designator=PTH?(POWERHOLE-LP)
Add component. Clean all parameters for all variants
Add component (AddParameter): Name = "Hole diameter (mm)"; Value = "2.5"; VariantName = "[No Variations]"
Add component (AddParameter): Name = "Pad diameter (mm)"; Value = "5"; VariantName = "[No Variations]"
Added Component: Designator=PTH?(POWERHOLE-LP)
Add component. Clean all parameters for all variants
Add component (AddParameter): Name = "Hole diameter (mm)"; Value = "2.5"; VariantName = "[No Variations]"
Add component (AddParameter): Name = "Pad diameter (mm)"; Value = "5"; VariantName = "[No Variations]"
Added Component: Designator=PTH?(POWERHOLE-LP)
Add component. Clean all parameters for all variants
Add component (AddParameter): Name = "Hole diameter (mm)"; Value = "2.5"; VariantName = "[No Variations]"
Add component (AddParameter): Name = "Pad diameter (mm)"; Value = "5"; VariantName = "[No Variations]"
Added Component: Designator=PTH?(POWERHOLE-LP)
Add component. Clean all parameters for all variants
Add component (AddParameter): Name = "Hole diameter (mm)"; Value = "2.5"; VariantName = "[No Variations]"
Add component (AddParameter): Name = "Pad diameter (mm)"; Value = "5"; VariantName = "[No Variations]"
Added Component: Designator=PTH?(POWERHOLE-LP)
Add component. Clean all parameters for all variants
Add component (AddParameter): Name = "Hole diameter (mm)"; Value = "2.5"; VariantName = "[No Variations]"
Add component (AddParameter): Name = "Pad diameter (mm)"; Value = "5"; VariantName = "[No Variations]"
Added Component: Designator=PTH?(POWERHOLE-LP)
Add component. Clean all parameters for all variants
Add component (AddParameter): Name = "Hole diameter (mm)"; Value = "2.5"; VariantName = "[No Variations]"
Add component (AddParameter): Name = "Pad diameter (mm)"; Value = "5"; VariantName = "[No Variations]"
Added Component: Designator=PTH?(POWERHOLE)
Add component. Clean all parameters for all variants
Add component (AddParameter): Name = "Hole diameter (mm)"; Value = "2.5"; VariantName = "[No Variations]"
Add component (AddParameter): Name = "Pad diameter (mm)"; Value = "5"; VariantName = "[No Variations]"
Added Component: Designator=PTH?(POWERHOLE)
Add component. Clean all parameters for all variants
Add component (AddParameter): Name = "Hole diameter (mm)"; Value = "2.5"; VariantName = "[No Variations]"
Add component (AddParameter): Name = "Pad diameter (mm)"; Value = "5"; VariantName = "[No Variations]"
Added Component: Designator=PTH?(POWERHOLE)
Add component. Clean all parameters for all variants
Add component (AddParameter): Name = "Hole diameter (mm)"; Value = "2.5"; VariantName = "[No Variations]"
Add component (AddParameter): Name = "Pad diameter (mm)"; Value = "5"; VariantName = "[No Variations]"
Added Component: Designator=PTH?(POWERHOLE)
Add component. Clean all parameters for all variants
Add component (AddParameter): Name = "Hole diameter (mm)"; Value = "2.5"; VariantName = "[No Variations]"
Add component (AddParameter): Name = "Pad diameter (mm)"; Value = "5"; VariantName = "[No Variations]"
Added Component: Designator=PTH?(POWERHOLE)
Add component. Clean all parameters for all variants
Add component (AddParameter): Name = "Hole diameter (mm)"; Value = "2.5"; VariantName = "[No Variations]"
Add component (AddParameter): Name = "Pad diameter (mm)"; Value = "5"; VariantName = "[No Variations]"
Added Component: Designator=R?(RESC0603(1608)_L)
Add component. Clean all parameters for all variants
Added Component: Designator=R?(RESC0603(1608)_L)
Add component. Clean all parameters for all variants
Added Component: Designator=R?(RESC0603(1608)_L)
Add component. Clean all parameters for all variants
Added Component: Designator=R?(RESC0603(1608)_L)
Add component. Clean all parameters for all variants
Added Component: Designator=R?(RESC0603(1608)_L)
Add component. Clean all parameters for all variants
Added Component: Designator=R?(RESC0603(1608)_L)
Add component. Clean all parameters for all variants
Added Component: Designator=R?(RESC0603(1608)_L)
Add component. Clean all parameters for all variants
Added Component: Designator=R?(RESC0603(1608)_L)
Add component. Clean all parameters for all variants
Added Component: Designator=U?(SOT95P280X145-5L)
Add component. Clean all parameters for all variants
Added Component: Designator=U?(D2PAK)
Add component. Clean all parameters for all variants
Added Component: Designator=U?(D2PAK)
Add component. Clean all parameters for all variants
Added Pin To Net: NetName=+5V Pin=C?-2
Added Pin To Net: NetName=+5V Pin=C?-2
Added Pin To Net: NetName=+5V Pin=C?-2
Added Pin To Net: NetName=+5V Pin=L?-2
Added Pin To Net: NetName=+5V Pin=PTH?-1
Added Pin To Net: NetName=+5V Pin=PTH?-1
Added Pin To Net: NetName=+5V Pin=PTH?-1
Added Pin To Net: NetName=+5V Pin=PTH?-1
Added Pin To Net: NetName=+5V Pin=PTH?-1
Added Pin To Net: NetName=+5V Pin=PTH?-1
Added Pin To Net: NetName=+5V Pin=R?-2
Added Net: Name=+5V
Added Pin To Net: NetName=+15V Pin=C?-2
Added Pin To Net: NetName=+15V Pin=C?-2
Added Pin To Net: NetName=+15V Pin=L?-2
Added Pin To Net: NetName=+15V Pin=PTH?-1
Added Pin To Net: NetName=+15V Pin=PTH?-1
Added Pin To Net: NetName=+15V Pin=PTH?-1
Added Pin To Net: NetName=+15V Pin=PTH?-1
Added Pin To Net: NetName=+15V Pin=PTH?-1
Added Pin To Net: NetName=+15V Pin=PTH?-1
Added Pin To Net: NetName=+15V Pin=R?-2
Added Pin To Net: NetName=+15V Pin=U?-1
Added Net: Name=+15V
Added Pin To Net: NetName=+24V Pin=C?-1
Added Pin To Net: NetName=+24V Pin=C?-1
Added Pin To Net: NetName=+24V Pin=C?-2
Added Pin To Net: NetName=+24V Pin=C?-2
Added Pin To Net: NetName=+24V Pin=L?-2
Added Pin To Net: NetName=+24V Pin=PTH?-1
Added Pin To Net: NetName=+24V Pin=PTH?-1
Added Pin To Net: NetName=+24V Pin=PTH?-1
Added Pin To Net: NetName=+24V Pin=PTH?-1
Added Pin To Net: NetName=+24V Pin=PTH?-1
Added Pin To Net: NetName=+24V Pin=PTH?-1
Added Pin To Net: NetName=+24V Pin=R?-2
Added Pin To Net: NetName=+24V Pin=U?-1
Added Net: Name=+24V
Added Pin To Net: NetName=+45V Pin=C?-1
Added Pin To Net: NetName=+45V Pin=C?-2
Added Pin To Net: NetName=+45V Pin=C?-2
Added Pin To Net: NetName=+45V Pin=C?-2
Added Pin To Net: NetName=+45V Pin=PTH?-1
Added Pin To Net: NetName=+45V Pin=PTH?-1
Added Pin To Net: NetName=+45V Pin=PTH?-1
Added Pin To Net: NetName=+45V Pin=PTH?-1
Added Pin To Net: NetName=+45V Pin=PTH?-1
Added Pin To Net: NetName=+45V Pin=PTH?-1
Added Pin To Net: NetName=+45V Pin=U?-2
Added Net: Name=+45V
Added Pin To Net: NetName=GND Pin=C?-1
Added Pin To Net: NetName=GND Pin=C?-1
Added Pin To Net: NetName=GND Pin=C?-1
Added Pin To Net: NetName=GND Pin=C?-1
Added Pin To Net: NetName=GND Pin=C?-1
Added Pin To Net: NetName=GND Pin=C?-1
Added Pin To Net: NetName=GND Pin=C?-1
Added Pin To Net: NetName=GND Pin=C?-1
Added Pin To Net: NetName=GND Pin=C?-1
Added Pin To Net: NetName=GND Pin=C?-1
Added Pin To Net: NetName=GND Pin=C?-1
Added Pin To Net: NetName=GND Pin=C?-2
Added Pin To Net: NetName=GND Pin=C?-2
Added Pin To Net: NetName=GND Pin=C?-2
Added Pin To Net: NetName=GND Pin=D?-2
Added Pin To Net: NetName=GND Pin=PTH?-1
Added Pin To Net: NetName=GND Pin=PTH?-1
Added Pin To Net: NetName=GND Pin=PTH?-1
Added Pin To Net: NetName=GND Pin=PTH?-1
Added Pin To Net: NetName=GND Pin=PTH?-1
Added Pin To Net: NetName=GND Pin=PTH?-1
Added Pin To Net: NetName=GND Pin=R?-1
Added Pin To Net: NetName=GND Pin=R?-1
Added Pin To Net: NetName=GND Pin=R?-1
Added Pin To Net: NetName=GND Pin=R?-1
Added Pin To Net: NetName=GND Pin=U?-3
Added Pin To Net: NetName=GND Pin=U?-3
Added Pin To Net: NetName=GND Pin=U?-5
Added Pin To Net: NetName=GND Pin=U?-5
Added Pin To Net: NetName=GND Pin=U?-6
Added Pin To Net: NetName=GND Pin=U?-6
Added Net: Name=GND
Added Pin To Net: NetName=NetC?_1 Pin=C?-1
Added Pin To Net: NetName=NetC?_1 Pin=R?-1
Added Pin To Net: NetName=NetC?_1 Pin=R?-2
Added Pin To Net: NetName=NetC?_1 Pin=U?-4
Added Net: Name=NetC?_1
Added Pin To Net: NetName=NetC?_2 Pin=C?-2
Added Pin To Net: NetName=NetC?_2 Pin=R?-2
Added Net: Name=NetC?_2
Added Pin To Net: NetName=NetCN?_1 Pin=CN?-1
Added Pin To Net: NetName=NetCN?_1 Pin=CN?-1
Added Net: Name=NetCN?_1
Added Pin To Net: NetName=NetCN?_2 Pin=CN?-2
Added Pin To Net: NetName=NetCN?_2 Pin=CN?-2
Added Net: Name=NetCN?_2
Added Pin To Net: NetName=NetL?_1 Pin=L?-1
Added Pin To Net: NetName=NetL?_1 Pin=U?-2
Added Net: Name=NetL?_1
Added Pin To Net: NetName=NetR?_1 Pin=R?-1
Added Pin To Net: NetName=NetR?_1 Pin=R?-2
Added Pin To Net: NetName=NetR?_1 Pin=U?-5
Added Net: Name=NetR?_1
Added Pin To Net: NetName=NetR?_2 Pin=R?-2
Added Pin To Net: NetName=NetR?_2 Pin=U?-4
Added Net: Name=NetR?_2
Added Class: Name=PM-1_PDB
Added Room: Name=PM-1_PDB
