Change Component Designator: Old Designator=C? New Designator=C1
Change Component Designator: Old Designator=C? New Designator=C2
Change Component Designator: Old Designator=C? New Designator=C3
Change Component Designator: Old Designator=C? New Designator=C4
Change Component Designator: Old Designator=C? New Designator=C5
Change Component Designator: Old Designator=C? New Designator=C6
Change Component Designator: Old Designator=C? New Designator=C7
Change Component Designator: Old Designator=C? New Designator=C8
Change Component Designator: Old Designator=C? New Designator=C9
Change Component Designator: Old Designator=C? New Designator=C10
Change Component Designator: Old Designator=C? New Designator=C11
Change Component Designator: Old Designator=C? New Designator=C12
Change Component Designator: Old Designator=C? New Designator=C13
Change Component Designator: Old Designator=C? New Designator=C14
Change Component Designator: Old Designator=C? New Designator=C15
Change Component Designator: Old Designator=C? New Designator=C16
Change Component Designator: Old Designator=C? New Designator=C17
Change Component Designator: Old Designator=CN? New Designator=CN1
Change Component Designator: Old Designator=CN? New Designator=CN2
Change Component Designator: Old Designator=CN? New Designator=CN3
Change Component Designator: Old Designator=CN? New Designator=CN4
Change Component Designator: Old Designator=D? New Designator=D1
Change Component Designator: Old Designator=L? New Designator=L1
Change Component Designator: Old Designator=L? New Designator=L2
Change Component Designator: Old Designator=L? New Designator=L3
Change Component Designator: Old Designator=PTH? New Designator=PTH1
Change Component Designator: Old Designator=PTH? New Designator=PTH2
Change Component Designator: Old Designator=PTH? New Designator=PTH3
Change Component Designator: Old Designator=PTH? New Designator=PTH4
Change Component Designator: Old Designator=PTH? New Designator=PTH5
Change Component Designator: Old Designator=PTH? New Designator=PTH6
Change Component Designator: Old Designator=PTH? New Designator=PTH7
Change Component Designator: Old Designator=PTH? New Designator=PTH8
Change Component Designator: Old Designator=PTH? New Designator=PTH9
Change Component Designator: Old Designator=PTH? New Designator=PTH10
Change Component Designator: Old Designator=PTH? New Designator=PTH11
Change Component Designator: Old Designator=PTH? New Designator=PTH12
Change Component Designator: Old Designator=PTH? New Designator=PTH13
Change Component Designator: Old Designator=PTH? New Designator=PTH14
Change Component Designator: Old Designator=PTH? New Designator=PTH15
Change Component Designator: Old Designator=PTH? New Designator=PTH16
Change Component Designator: Old Designator=PTH? New Designator=PTH17
Change Component Designator: Old Designator=PTH? New Designator=PTH18
Change Component Designator: Old Designator=PTH? New Designator=PTH19
Change Component Designator: Old Designator=PTH? New Designator=PTH20
Change Component Designator: Old Designator=PTH? New Designator=PTH21
Change Component Designator: Old Designator=PTH? New Designator=PTH22
Change Component Designator: Old Designator=PTH? New Designator=PTH23
Change Component Designator: Old Designator=PTH? New Designator=PTH24
Change Component Designator: Old Designator=PTH? New Designator=PTH25
Change Component Designator: Old Designator=PTH? New Designator=PTH26
Change Component Designator: Old Designator=PTH? New Designator=PTH27
Change Component Designator: Old Designator=PTH? New Designator=PTH28
Change Component Designator: Old Designator=PTH? New Designator=PTH29
Change Component Designator: Old Designator=PTH? New Designator=PTH30
Change Component Designator: Old Designator=PTH? New Designator=PTH31
Change Component Designator: Old Designator=PTH? New Designator=PTH32
Change Component Designator: Old Designator=PTH? New Designator=PTH33
Change Component Designator: Old Designator=PTH? New Designator=PTH34
Change Component Designator: Old Designator=PTH? New Designator=PTH35
Change Component Designator: Old Designator=PTH? New Designator=PTH36
Change Component Designator: Old Designator=R? New Designator=R1
Change Component Designator: Old Designator=R? New Designator=R2
Change Component Designator: Old Designator=R? New Designator=R3
Change Component Designator: Old Designator=R? New Designator=R4
Change Component Designator: Old Designator=R? New Designator=R5
Change Component Designator: Old Designator=R? New Designator=R6
Change Component Designator: Old Designator=R? New Designator=R7
Change Component Designator: Old Designator=R? New Designator=R8
Change Component Designator: Old Designator=U? New Designator=U1
Change Component Designator: Old Designator=U? New Designator=U2
Change Component Designator: Old Designator=U? New Designator=U3
