Change Component Comment : Designator=PTH? Old Comment=+5VinP New Comment=+5Vout
Change Component Comment : Designator=PTH? Old Comment=+5VinP New Comment=+5Vout
Change Component Comment : Designator=PTH? Old Comment=+5VinP New Comment=+5Vout
Change Component Comment : Designator=PTH? Old Comment=+5VinP New Comment=+5Vout
Change Component Comment : Designator=PTH? Old Comment=+5VinP New Comment=+5Vout
Change Component Comment : Designator=PTH? Old Comment=+5VinP New Comment=+5Vout
Change Component Comment : Designator=PTH? Old Comment=+15Vin New Comment=+15Vout
Change Component Comment : Designator=PTH? Old Comment=+15Vin New Comment=+15Vout
Change Component Comment : Designator=PTH? Old Comment=+15Vin New Comment=+15Vout
Change Component Comment : Designator=PTH? Old Comment=+15Vin New Comment=+15Vout
Change Component Comment : Designator=PTH? Old Comment=+15Vin New Comment=+15Vout
Change Component Comment : Designator=PTH? Old Comment=+15Vin New Comment=+15Vout
Change Component Comment : Designator=PTH? Old Comment=+24Vin New Comment=+24Vout
Change Component Comment : Designator=PTH? Old Comment=+24Vin New Comment=+24Vout
Change Component Comment : Designator=PTH? Old Comment=+24Vin New Comment=+24Vout
Change Component Comment : Designator=PTH? Old Comment=+24Vin New Comment=+24Vout
Change Component Comment : Designator=PTH? Old Comment=+24Vin New Comment=+24Vout
Change Component Comment : Designator=PTH? Old Comment=+24Vin New Comment=+24Vout
Change Component Comment : Designator=PTH? Old Comment=+45Vin New Comment=+45Vout
Change Component Comment : Designator=PTH? Old Comment=+45Vin New Comment=+45Vout
Change Component Comment : Designator=PTH? Old Comment=+45Vin New Comment=+45Vout
Change Component Comment : Designator=PTH? Old Comment=+45Vin New Comment=+45Vout
Change Component Comment : Designator=PTH? Old Comment=+45Vin New Comment=+45Vout
Change Component Comment : Designator=PTH? Old Comment=+45Vin New Comment=+45Vout
Change Component Comment : Designator=PTH? Old Comment=GNDP New Comment=GNDout
Change Component Comment : Designator=PTH? Old Comment=GNDP New Comment=GNDout
Change Component Comment : Designator=PTH? Old Comment=GNDP New Comment=GNDout
Change Component Comment : Designator=PTH? Old Comment=GNDP New Comment=GNDout
Change Component Comment : Designator=PTH? Old Comment=GNDP New Comment=GNDout
Change Component Comment : Designator=PTH? Old Comment=GNDP New Comment=GNDout
Change Component Designator: OldDesignator=C? NewDesignator=C1
Change Component Designator: OldDesignator=C? NewDesignator=C2
Change Component Designator: OldDesignator=C? NewDesignator=C3
Change Component Designator: OldDesignator=C? NewDesignator=C4
Change Component Designator: OldDesignator=C? NewDesignator=C5
Change Component Designator: OldDesignator=C? NewDesignator=C6
Change Component Designator: OldDesignator=C? NewDesignator=C7
Change Component Designator: OldDesignator=C? NewDesignator=C8
Change Component Designator: OldDesignator=C? NewDesignator=C9
Change Component Designator: OldDesignator=C? NewDesignator=C10
Change Component Designator: OldDesignator=C? NewDesignator=C11
Change Component Designator: OldDesignator=C? NewDesignator=C12
Change Component Designator: OldDesignator=C? NewDesignator=C13
Change Component Designator: OldDesignator=C? NewDesignator=C14
Change Component Designator: OldDesignator=C? NewDesignator=C15
Change Component Designator: OldDesignator=C? NewDesignator=C16
Change Component Designator: OldDesignator=C? NewDesignator=C17
Change Component Designator: OldDesignator=CN? NewDesignator=CN1
Change Component Designator: OldDesignator=CN? NewDesignator=CN2
Change Component Designator: OldDesignator=CN? NewDesignator=CN3
Change Component Designator: OldDesignator=CN? NewDesignator=CN4
Change Component Designator: OldDesignator=D? NewDesignator=D1
Change Component Designator: OldDesignator=L? NewDesignator=L1
Change Component Designator: OldDesignator=L? NewDesignator=L2
Change Component Designator: OldDesignator=L? NewDesignator=L3
Change Component Designator: OldDesignator=PTH? NewDesignator=PTH1
Change Component Designator: OldDesignator=PTH? NewDesignator=PTH2
Change Component Designator: OldDesignator=PTH? NewDesignator=PTH3
Change Component Designator: OldDesignator=PTH? NewDesignator=PTH4
Change Component Designator: OldDesignator=PTH? NewDesignator=PTH5
Change Component Designator: OldDesignator=PTH? NewDesignator=PTH6
Change Component Designator: OldDesignator=PTH? NewDesignator=PTH7
Change Component Designator: OldDesignator=PTH? NewDesignator=PTH8
Change Component Designator: OldDesignator=PTH? NewDesignator=PTH9
Change Component Designator: OldDesignator=PTH? NewDesignator=PTH10
Change Component Designator: OldDesignator=PTH? NewDesignator=PTH11
Change Component Designator: OldDesignator=PTH? NewDesignator=PTH12
Change Component Designator: OldDesignator=PTH? NewDesignator=PTH14
Change Component Designator: OldDesignator=PTH? NewDesignator=PTH15
Change Component Designator: OldDesignator=PTH? NewDesignator=PTH17
Change Component Designator: OldDesignator=PTH? NewDesignator=PTH18
Change Component Designator: OldDesignator=PTH? NewDesignator=PTH20
Change Component Designator: OldDesignator=PTH? NewDesignator=PTH21
Change Component Designator: OldDesignator=PTH? NewDesignator=PTH23
Change Component Designator: OldDesignator=PTH? NewDesignator=PTH24
Change Component Designator: OldDesignator=PTH? NewDesignator=PTH26
Change Component Designator: OldDesignator=PTH? NewDesignator=PTH27
Change Component Designator: OldDesignator=PTH? NewDesignator=PTH29
Change Component Designator: OldDesignator=PTH? NewDesignator=PTH30
Change Component Designator: OldDesignator=PTH? NewDesignator=PTH31
Change Component Designator: OldDesignator=PTH? NewDesignator=PTH32
Change Component Designator: OldDesignator=PTH? NewDesignator=PTH33
Change Component Designator: OldDesignator=PTH? NewDesignator=PTH34
Change Component Designator: OldDesignator=PTH? NewDesignator=PTH35
Change Component Designator: OldDesignator=PTH? NewDesignator=PTH36
Change Component Designator: OldDesignator=R? NewDesignator=R1
Change Component Designator: OldDesignator=R? NewDesignator=R2
Change Component Designator: OldDesignator=R? NewDesignator=R3
Change Component Designator: OldDesignator=R? NewDesignator=R4
Change Component Designator: OldDesignator=R? NewDesignator=R5
Change Component Designator: OldDesignator=R? NewDesignator=R6
Change Component Designator: OldDesignator=R? NewDesignator=R7
Change Component Designator: OldDesignator=R? NewDesignator=R8
Change Component Designator: OldDesignator=U? NewDesignator=U1
Change Component Designator: OldDesignator=U? NewDesignator=U2
Change Component Designator: OldDesignator=U? NewDesignator=U3
Added Component: Designator=PTH13(POWERHOLE)
Add component. Clean all parameters for all variants
Add component (AddParameter): Name = "Hole diameter (mm)"; Value = "2.5"; VariantName = "[No Variations]"
Add component (AddParameter): Name = "Pad diameter (mm)"; Value = "5"; VariantName = "[No Variations]"
Added Component: Designator=PTH16(POWERHOLE)
Add component. Clean all parameters for all variants
Add component (AddParameter): Name = "Hole diameter (mm)"; Value = "2.5"; VariantName = "[No Variations]"
Add component (AddParameter): Name = "Pad diameter (mm)"; Value = "5"; VariantName = "[No Variations]"
Added Component: Designator=PTH19(POWERHOLE)
Add component. Clean all parameters for all variants
Add component (AddParameter): Name = "Hole diameter (mm)"; Value = "2.5"; VariantName = "[No Variations]"
Add component (AddParameter): Name = "Pad diameter (mm)"; Value = "5"; VariantName = "[No Variations]"
Added Component: Designator=PTH22(POWERHOLE)
Add component. Clean all parameters for all variants
Add component (AddParameter): Name = "Hole diameter (mm)"; Value = "2.5"; VariantName = "[No Variations]"
Add component (AddParameter): Name = "Pad diameter (mm)"; Value = "5"; VariantName = "[No Variations]"
Added Component: Designator=PTH25(POWERHOLE)
Add component. Clean all parameters for all variants
Add component (AddParameter): Name = "Hole diameter (mm)"; Value = "2.5"; VariantName = "[No Variations]"
Add component (AddParameter): Name = "Pad diameter (mm)"; Value = "5"; VariantName = "[No Variations]"
Added Component: Designator=PTH28(POWERHOLE)
Add component. Clean all parameters for all variants
Add component (AddParameter): Name = "Hole diameter (mm)"; Value = "2.5"; VariantName = "[No Variations]"
Add component (AddParameter): Name = "Pad diameter (mm)"; Value = "5"; VariantName = "[No Variations]"
Added Pin To Net: NetName=+45V Pin=PTH13-1
Added Pin To Net: NetName=+45V Pin=PTH16-1
Added Pin To Net: NetName=+45V Pin=PTH19-1
Added Pin To Net: NetName=GND Pin=PTH22-1
Added Pin To Net: NetName=GND Pin=PTH25-1
Added Pin To Net: NetName=GND Pin=PTH28-1
Change Net Name : Old Net Name=NetC?_1 New Net Name=NetC15_1
Change Net Name : Old Net Name=NetCN?_1 New Net Name=NetCN1_1
Change Net Name : Old Net Name=NetCN?_2 New Net Name=NetCN1_2
Change Net Name : Old Net Name=NetL?_1 New Net Name=NetL3_1
Change Net Name : Old Net Name=NetR?_1 New Net Name=NetR1_1
Change Net Name : Old Net Name=NetR?_2 New Net Name=NetR4_2
Added Pin To Net: NetName=NetC1_1 Pin=C1-1
Added Pin To Net: NetName=NetC1_1 Pin=U1-1
Added Net: Name=NetC1_1
Added Pin To Net: NetName=NetC1_2 Pin=C1-2
Added Pin To Net: NetName=NetC1_2 Pin=D1-1
Added Pin To Net: NetName=NetC1_2 Pin=L1-1
Added Net: Name=NetC1_2
Added Pin To Net: NetName=NetC9_2 Pin=C9-2
Added Pin To Net: NetName=NetC9_2 Pin=R3-2
Added Net: Name=NetC9_2
Added Pin To Net: NetName=NetC10_2 Pin=C10-2
Added Pin To Net: NetName=NetC10_2 Pin=R3-1
Added Net: Name=NetC10_2
Added Pin To Net: NetName=NetC12_1 Pin=C12-1
Added Pin To Net: NetName=NetC12_1 Pin=R5-1
Added Pin To Net: NetName=NetC12_1 Pin=R6-2
Added Pin To Net: NetName=NetC12_1 Pin=U2-4
Added Net: Name=NetC12_1
Added Pin To Net: NetName=NetCN3_1 Pin=CN3-1
Added Pin To Net: NetName=NetCN3_1 Pin=CN4-1
Added Net: Name=NetCN3_1
Added Pin To Net: NetName=NetCN3_2 Pin=CN3-2
Added Pin To Net: NetName=NetCN3_2 Pin=CN4-2
Added Net: Name=NetCN3_2
Added Pin To Net: NetName=NetL2_1 Pin=L2-1
Added Pin To Net: NetName=NetL2_1 Pin=U2-2
Added Net: Name=NetL2_1
Added Member To Class: ClassName=PM-1_PDB Member=Component C2 SA100U35VD8K
Added Member To Class: ClassName=PM-1_PDB Member=Component C3 SA100U35VD8K
Added Member To Class: ClassName=PM-1_PDB Member=Component C4 SC10U50V0KX
Added Member To Class: ClassName=PM-1_PDB Member=Component C5 SA470U63VJ16K
Added Member To Class: ClassName=PM-1_PDB Member=Component C6 SC1U100V6KX
Added Member To Class: ClassName=PM-1_PDB Member=Component C7 SC1U100V6KX
Added Member To Class: ClassName=PM-1_PDB Member=Component C8 SC1U100V6KX
Added Member To Class: ClassName=PM-1_PDB Member=Component C9 SC1P50V2KX
Added Member To Class: ClassName=PM-1_PDB Member=Component C10 SCD68N50V2KX
Added Member To Class: ClassName=PM-1_PDB Member=Component C11 SC10U50V0KX
Added Member To Class: ClassName=PM-1_PDB Member=Component C12 SCD68N50V2KX
Added Member To Class: ClassName=PM-1_PDB Member=Component C13 SC47U25V6KX
Added Member To Class: ClassName=PM-1_PDB Member=Component C14 SC47U25V6KX
Added Member To Class: ClassName=PM-1_PDB Member=Component C15 SCD68N50V2KX
Added Member To Class: ClassName=PM-1_PDB Member=Component C16 SC47U10V6KX
Added Member To Class: ClassName=PM-1_PDB Member=Component C17 SC47U10V6KX
Added Member To Class: ClassName=PM-1_PDB Member=Component CN2 CAN_ST1_OUT
Added Member To Class: ClassName=PM-1_PDB Member=Component CN3 CAN_ST1_IN
Added Member To Class: ClassName=PM-1_PDB Member=Component CN4 CAN_ST2_OUT
Added Member To Class: ClassName=PM-1_PDB Member=Component L1 CDRH127/LDNP-180MC
Added Member To Class: ClassName=PM-1_PDB Member=Component L2 IND470U5A
Added Member To Class: ClassName=PM-1_PDB Member=Component PTH1 +5Vout
Added Member To Class: ClassName=PM-1_PDB Member=Component PTH3 +5Vout
Added Member To Class: ClassName=PM-1_PDB Member=Component PTH4 +45Vout
Added Member To Class: ClassName=PM-1_PDB Member=Component PTH5 +5Vout
Added Member To Class: ClassName=PM-1_PDB Member=Component PTH6 +45Vout
Added Member To Class: ClassName=PM-1_PDB Member=Component PTH7 +5Vout
Added Member To Class: ClassName=PM-1_PDB Member=Component PTH8 +45Vout
Added Member To Class: ClassName=PM-1_PDB Member=Component PTH9 +5Vout
Added Member To Class: ClassName=PM-1_PDB Member=Component PTH10 +45Vout
Added Member To Class: ClassName=PM-1_PDB Member=Component PTH11 +5Vout
Added Member To Class: ClassName=PM-1_PDB Member=Component PTH12 +45Vout
Added Member To Class: ClassName=PM-1_PDB Member=Component PTH13 +45Vin
Added Member To Class: ClassName=PM-1_PDB Member=Component PTH14 +15Vout
Added Member To Class: ClassName=PM-1_PDB Member=Component PTH15 +24Vout
Added Member To Class: ClassName=PM-1_PDB Member=Component PTH16 +45Vin
Added Member To Class: ClassName=PM-1_PDB Member=Component PTH17 +15Vout
Added Member To Class: ClassName=PM-1_PDB Member=Component PTH18 +24Vout
Added Member To Class: ClassName=PM-1_PDB Member=Component PTH19 +45Vin
Added Member To Class: ClassName=PM-1_PDB Member=Component PTH20 +15Vout
Added Member To Class: ClassName=PM-1_PDB Member=Component PTH21 +24Vout
Added Member To Class: ClassName=PM-1_PDB Member=Component PTH22 GNDVin
Added Member To Class: ClassName=PM-1_PDB Member=Component PTH23 +15Vout
Added Member To Class: ClassName=PM-1_PDB Member=Component PTH24 +24Vout
Added Member To Class: ClassName=PM-1_PDB Member=Component PTH25 GNDVin
Added Member To Class: ClassName=PM-1_PDB Member=Component PTH26 +15Vout
Added Member To Class: ClassName=PM-1_PDB Member=Component PTH27 +24Vout
Added Member To Class: ClassName=PM-1_PDB Member=Component PTH28 GNDVin
Added Member To Class: ClassName=PM-1_PDB Member=Component PTH29 +15Vout
Added Member To Class: ClassName=PM-1_PDB Member=Component PTH30 +24Vout
Added Member To Class: ClassName=PM-1_PDB Member=Component PTH31 GNDout
Added Member To Class: ClassName=PM-1_PDB Member=Component PTH32 GNDout
Added Member To Class: ClassName=PM-1_PDB Member=Component PTH33 GNDout
Added Member To Class: ClassName=PM-1_PDB Member=Component PTH34 GNDout
Added Member To Class: ClassName=PM-1_PDB Member=Component PTH35 GNDout
Added Member To Class: ClassName=PM-1_PDB Member=Component PTH36 GNDout
Added Member To Class: ClassName=PM-1_PDB Member=Component R1 53D5KR3F
Added Member To Class: ClassName=PM-1_PDB Member=Component R2 18D7KR3F
Added Member To Class: ClassName=PM-1_PDB Member=Component R3 105KR3J
Added Member To Class: ClassName=PM-1_PDB Member=Component R5 11D3KR3J
Added Member To Class: ClassName=PM-1_PDB Member=Component R6 1KR3F
Added Member To Class: ClassName=PM-1_PDB Member=Component R7 11D3KR3J
Added Member To Class: ClassName=PM-1_PDB Member=Component R8 1KR3F
Added Member To Class: ClassName=PM-1_PDB Member=Component U2 LM2596
Added Member To Class: ClassName=PM-1_PDB Member=Component U3 LM2596
