Change Component Designator: OldDesignator=C6 NewDesignator=C7
Change Component Designator: OldDesignator=C7 NewDesignator=C8
Change Component Designator: OldDesignator=C8 NewDesignator=C9
Change Component Designator: OldDesignator=C9 NewDesignator=C10
Change Component Designator: OldDesignator=C10 NewDesignator=C11
Change Component Designator: OldDesignator=C11 NewDesignator=C12
Change Component Designator: OldDesignator=C12 NewDesignator=C13
Change Component Designator: OldDesignator=C13 NewDesignator=C14
Change Component Designator: OldDesignator=C14 NewDesignator=C15
Change Component Designator: OldDesignator=C15 NewDesignator=C16
Change Component Designator: OldDesignator=C16 NewDesignator=C17
Change Component Designator: OldDesignator=C17 NewDesignator=C18
Added Component: Designator=C6(CAPC0402(1005)60_L)
Add component. Clean all parameters for all variants
Added Pin To Net: NetName=GND Pin=C6-1
Added Pin To Net: NetName=+45V Pin=C6-2
Change Net Name : Old Net Name=NetC9_2 New Net Name=NetC10_2
Change Net Name : Old Net Name=NetC10_2 New Net Name=NetC11_2
Change Net Name : Old Net Name=NetC12_1 New Net Name=NetC13_1
Change Net Name : Old Net Name=NetC15_1 New Net Name=NetC16_1
Added Member To Class: ClassName=PM-1_PDB Member=Component C18 SC47U10V6KX
Added Room: Name=PM-1_PDB
